# JRE version: Java(TM) SE Runtime Environment (8.0_161-b12) (build 1.8.0_161-b12)
# Java VM: Java HotSpot(TM) 64-Bit Server VM (25.161-b12 mixed mode windows-amd64 compressed oops)
Heap:
 PSYoungGen      total 1367552K, used 157712K [0x000000076b400000, 0x00000007bfe00000, 0x00000007c0000000)
  eden space 1348608K, 11% used [0x000000076b400000,0x0000000774505298,0x00000007bd900000)
  from space 18944K, 48% used [0x00000007bd900000,0x00000007be1fed80,0x00000007beb80000)
  to   space 17920K, 0% used [0x00000007bec80000,0x00000007bec80000,0x00000007bfe00000)
 ParOldGen       total 177664K, used 52572K [0x00000006c1c00000, 0x00000006cc980000, 0x000000076b400000)
  object space 177664K, 29% used [0x00000006c1c00000,0x00000006c4f57240,0x00000006cc980000)
 Metaspace       used 35273K, capacity 36128K, committed 36352K, reserved 1081344K
  class space    used 3976K, capacity 4235K, committed 4352K, reserved 1048576K
GC Heap History (10 events):
Event: 31.040 GC heap before
{Heap before GC invocations=29 (full 2):
 PSYoungGen      total 1363456K, used 1351190K [0x000000076b400000, 0x00000007bfe00000, 0x00000007c0000000)
  eden space 1342464K, 100% used [0x000000076b400000,0x00000007bd300000,0x00000007bd300000)
  from space 20992K, 41% used [0x00000007be980000,0x00000007bf205b00,0x00000007bfe00000)
  to   space 22016K, 0% used [0x00000007bd300000,0x00000007bd300000,0x00000007be880000)
 ParOldGen       total 177664K, used 52503K [0x00000006c1c00000, 0x00000006cc980000, 0x000000076b400000)
  object space 177664K, 29% used [0x00000006c1c00000,0x00000006c4f45c28,0x00000006cc980000)
 Metaspace       used 35008K, capacity 35764K, committed 35968K, reserved 1081344K
  class space    used 3952K, capacity 4195K, committed 4224K, reserved 1048576K
Event: 31.048 GC heap after
Heap after GC invocations=29 (full 2):
 PSYoungGen      total 1364480K, used 11453K [0x000000076b400000, 0x00000007bff00000, 0x00000007c0000000)
  eden space 1342464K, 0% used [0x000000076b400000,0x000000076b400000,0x00000007bd300000)
  from space 22016K, 52% used [0x00000007bd300000,0x00000007bde2f6c0,0x00000007be880000)
  to   space 20992K, 0% used [0x00000007bea80000,0x00000007bea80000,0x00000007bff00000)
 ParOldGen       total 177664K, used 52503K [0x00000006c1c00000, 0x00000006cc980000, 0x000000076b400000)
  object space 177664K, 29% used [0x00000006c1c00000,0x00000006c4f45c28,0x00000006cc980000)
 Metaspace       used 35008K, capacity 35764K, committed 35968K, reserved 1081344K
  class space    used 3952K, capacity 4195K, committed 4224K, reserved 1048576K
}
Event: 32.076 GC heap before
{Heap before GC invocations=30 (full 2):
 PSYoungGen      total 1364480K, used 1353917K [0x000000076b400000, 0x00000007bff00000, 0x00000007c0000000)
  eden space 1342464K, 100% used [0x000000076b400000,0x00000007bd300000,0x00000007bd300000)
  from space 22016K, 52% used [0x00000007bd300000,0x00000007bde2f6c0,0x00000007be880000)
  to   space 20992K, 0% used [0x00000007bea80000,0x00000007bea80000,0x00000007bff00000)
 ParOldGen       total 177664K, used 52511K [0x00000006c1c00000, 0x00000006cc980000, 0x000000076b400000)
  object space 177664K, 29% used [0x00000006c1c00000,0x00000006c4f47d70,0x00000006cc980000)
 Metaspace       used 35008K, capacity 35764K, committed 35968K, reserved 1081344K
  class space    used 3952K, capacity 4195K, committed 4224K, reserved 1048576K
Event: 32.082 GC heap after
Heap after GC invocations=30 (full 2):
 PSYoungGen      total 1365504K, used 9568K [0x000000076b400000, 0x00000007bfe00000, 0x00000007c0000000)
  eden space 1345536K, 0% used [0x000000076b400000,0x000000076b400000,0x00000007bd600000)
  from space 19968K, 47% used [0x00000007bea80000,0x00000007bf3d8000,0x00000007bfe00000)
  to   space 20480K, 0% used [0x00000007bd600000,0x00000007bd600000,0x00000007bea00000)
 ParOldGen       total 177664K, used 52511K [0x00000006c1c00000, 0x00000006cc980000, 0x000000076b400000)
  object space 177664K, 29% used [0x00000006c1c00000,0x00000006c4f47d70,0x00000006cc980000)
 Metaspace       used 35008K, capacity 35764K, committed 35968K, reserved 1081344K
  class space    used 3952K, capacity 4195K, committed 4224K, reserved 1048576K
}
Event: 33.079 GC heap before
{Heap before GC invocations=31 (full 2):
 PSYoungGen      total 1365504K, used 1355104K [0x000000076b400000, 0x00000007bfe00000, 0x00000007c0000000)
  eden space 1345536K, 100% used [0x000000076b400000,0x00000007bd600000,0x00000007bd600000)
  from space 19968K, 47% used [0x00000007bea80000,0x00000007bf3d8000,0x00000007bfe00000)
  to   space 20480K, 0% used [0x00000007bd600000,0x00000007bd600000,0x00000007bea00000)
 ParOldGen       total 177664K, used 52557K [0x00000006c1c00000, 0x00000006cc980000, 0x000000076b400000)
  object space 177664K, 29% used [0x00000006c1c00000,0x00000006c4f53400,0x00000006cc980000)
 Metaspace       used 35008K, capacity 35764K, committed 35968K, reserved 1081344K
  class space    used 3952K, capacity 4195K, committed 4224K, reserved 1048576K
Event: 33.085 GC heap after
Heap after GC invocations=31 (full 2):
 PSYoungGen      total 1366016K, used 9105K [0x000000076b400000, 0x00000007bfe80000, 0x00000007c0000000)
  eden space 1345536K, 0% used [0x000000076b400000,0x000000076b400000,0x00000007bd600000)
  from space 20480K, 44% used [0x00000007bd600000,0x00000007bdee47d0,0x00000007bea00000)
  to   space 19456K, 0% used [0x00000007beb80000,0x00000007beb80000,0x00000007bfe80000)
 ParOldGen       total 177664K, used 52557K [0x00000006c1c00000, 0x00000006cc980000, 0x000000076b400000)
  object space 177664K, 29% used [0x00000006c1c00000,0x00000006c4f53400,0x00000006cc980000)
 Metaspace       used 35008K, capacity 35764K, committed 35968K, reserved 1081344K
  class space    used 3952K, capacity 4195K, committed 4224K, reserved 1048576K
}
Event: 34.084 GC heap before
{Heap before GC invocations=32 (full 2):
 PSYoungGen      total 1366016K, used 1354641K [0x000000076b400000, 0x00000007bfe80000, 0x00000007c0000000)
  eden space 1345536K, 100% used [0x000000076b400000,0x00000007bd600000,0x00000007bd600000)
  from space 20480K, 44% used [0x00000007bd600000,0x00000007bdee47d0,0x00000007bea00000)
  to   space 19456K, 0% used [0x00000007beb80000,0x00000007beb80000,0x00000007bfe80000)
 ParOldGen       total 177664K, used 52557K [0x00000006c1c00000, 0x00000006cc980000, 0x000000076b400000)
  object space 177664K, 29% used [0x00000006c1c00000,0x00000006c4f53470,0x00000006cc980000)
 Metaspace       used 35008K, capacity 35764K, committed 35968K, reserved 1081344K
  class space    used 3952K, capacity 4195K, committed 4224K, reserved 1048576K
Event: 34.090 GC heap after
Heap after GC invocations=32 (full 2):
 PSYoungGen      total 1367552K, used 10304K [0x000000076b400000, 0x00000007bfe00000, 0x00000007c0000000)
  eden space 1348608K, 0% used [0x000000076b400000,0x000000076b400000,0x00000007bd900000)
  from space 18944K, 54% used [0x00000007beb80000,0x00000007bf590000,0x00000007bfe00000)
  to   space 18944K, 0% used [0x00000007bd900000,0x00000007bd900000,0x00000007beb80000)
 ParOldGen       total 177664K, used 52557K [0x00000006c1c00000, 0x00000006cc980000, 0x000000076b400000)
  object space 177664K, 29% used [0x00000006c1c00000,0x00000006c4f53470,0x00000006cc980000)
 Metaspace       used 35008K, capacity 35764K, committed 35968K, reserved 1081344K
  class space    used 3952K, capacity 4195K, committed 4224K, reserved 1048576K
}
Event: 35.088 GC heap before
{Heap before GC invocations=33 (full 2):
 PSYoungGen      total 1367552K, used 1358912K [0x000000076b400000, 0x00000007bfe00000, 0x00000007c0000000)
  eden space 1348608K, 100% used [0x000000076b400000,0x00000007bd900000,0x00000007bd900000)
  from space 18944K, 54% used [0x00000007beb80000,0x00000007bf590000,0x00000007bfe00000)
  to   space 18944K, 0% used [0x00000007bd900000,0x00000007bd900000,0x00000007beb80000)
 ParOldGen       total 177664K, used 52572K [0x00000006c1c00000, 0x00000006cc980000, 0x000000076b400000)
  object space 177664K, 29% used [0x00000006c1c00000,0x00000006c4f57240,0x00000006cc980000)
 Metaspace       used 35008K, capacity 35764K, committed 35968K, reserved 1081344K
  class space    used 3952K, capacity 4195K, committed 4224K, reserved 1048576K
Event: 35.095 GC heap after
Heap after GC invocations=33 (full 2):
 PSYoungGen      total 1367552K, used 9211K [0x000000076b400000, 0x00000007bfe00000, 0x00000007c0000000)
  eden space 1348608K, 0% used [0x000000076b400000,0x000000076b400000,0x00000007bd900000)
  from space 18944K, 48% used [0x00000007bd900000,0x00000007be1fed80,0x00000007beb80000)
  to   space 17920K, 0% used [0x00000007bec80000,0x00000007bec80000,0x00000007bfe00000)
 ParOldGen       total 177664K, used 52572K [0x00000006c1c00000, 0x00000006cc980000, 0x000000076b400000)
  object space 177664K, 29% used [0x00000006c1c00000,0x00000006c4f57240,0x00000006cc980000)
 Metaspace       used 35008K, capacity 35764K, committed 35968K, reserved 1081344K
  class space    used 3952K, capacity 4195K, committed 4224K, reserved 1048576K
}

